This is pdfTeX, Version 3.1415926-2.5-1.40.14 (TeX Live 2013) (format=pdflatex 2013.8.7)  26 NOV 2014 12:40
entering extended mode
 restricted \write18 enabled.
 %&-line parsing enabled.
**MasterThesisSfS.tex
(./MasterThesisSfS.tex
LaTeX2e <2011/06/27>
Babel <3.9f> and hyphenation patterns for 78 languages loaded.
(/hg/s/linux/9/app/teTeX/05.13/texmf-dist/tex/latex/base/report.cls
Document Class: report 2007/10/19 v1.4h Standard LaTeX document class
(/hg/s/linux/9/app/teTeX/05.13/texmf-dist/tex/latex/base/size11.clo
File: size11.clo 2007/10/19 v1.4h Standard LaTeX file (size option)
)
\c@part=\count79
\c@chapter=\count80
\c@section=\count81
\c@subsection=\count82
\c@subsubsection=\count83
\c@paragraph=\count84
\c@subparagraph=\count85
\c@figure=\count86
\c@table=\count87
\abovecaptionskip=\skip41
\belowcaptionskip=\skip42
\bibindent=\dimen102
)
(./ETHDAsfs.sty (/hg/s/linux/9/app/teTeX/05.13/texmf-dist/tex/latex/ae/ae.sty
Package: ae 2001/02/12 1.3 Almost European Computer Modern

(/hg/s/linux/9/app/teTeX/05.13/texmf-dist/tex/latex/base/fontenc.sty
Package: fontenc 2005/09/27 v1.99g Standard LaTeX package

(/hg/s/linux/9/app/teTeX/05.13/texmf-dist/tex/latex/base/t1enc.def
File: t1enc.def 2005/09/27 v1.99g Standard LaTeX file
LaTeX Font Info:    Redeclaring font encoding T1 on input line 43.
)
LaTeX Font Info:    Try loading font information for T1+aer on input line 100.

(/hg/s/linux/9/app/teTeX/05.13/texmf-dist/tex/latex/ae/t1aer.fd
File: t1aer.fd 1997/11/16 Font definitions for T1/aer.
)))
(/hg/s/linux/9/app/teTeX/05.13/texmf-dist/tex/generic/babel/babel.sty
Package: babel 2013/05/16 v3.9f The Babel package

(/hg/s/linux/9/app/teTeX/05.13/texmf-dist/tex/generic/babel-english/english.ldf
Language: english 2012/08/20 v3.3p English support from the babel system
(/hg/s/linux/9/app/teTeX/05.13/texmf-dist/tex/generic/babel/babel.def
File: babel.def 2013/05/16 v3.9f Babel common definitions
\babel@savecnt=\count88
\U@D=\dimen103
)
\l@canadian = a dialect from \language\l@american 
\l@australian = a dialect from \language\l@british 
\l@newzealand = a dialect from \language\l@british 
))
(./sfs-hyper.sty
Package: sfs-hyper 

(/hg/s/linux/9/app/teTeX/05.13/texmf-dist/tex/latex/url/url.sty
\Urlmuskip=\muskip10
Package: url 2006/04/12  ver 3.3  Verb mode for urls, etc.
)
(/hg/s/linux/9/app/teTeX/05.13/texmf-dist/tex/generic/oberdiek/ifpdf.sty
Package: ifpdf 2011/01/30 v2.3 Provides the ifpdf switch (HO)
Package ifpdf Info: pdfTeX in PDF mode is detected.
)
ifpdf was true... --- PDF
(/hg/s/linux/9/app/teTeX/05.13/texmf-dist/tex/latex/graphics/color.sty
Package: color 2005/11/14 v1.0j Standard LaTeX Color (DPC)

(/hg/s/linux/9/app/teTeX/05.13/texmf-dist/tex/latex/latexconfig/color.cfg
File: color.cfg 2007/01/18 v1.5 color configuration of teTeX/TeXLive
)
Package color Info: Driver file: pdftex.def on input line 130.

(/hg/s/linux/9/app/teTeX/05.13/texmf-dist/tex/latex/pdftex-def/pdftex.def
File: pdftex.def 2011/05/27 v0.06d Graphics/color for pdfTeX

(/hg/s/linux/9/app/teTeX/05.13/texmf-dist/tex/generic/oberdiek/infwarerr.sty
Package: infwarerr 2010/04/08 v1.3 Providing info/warning/error messages (HO)
)
(/hg/s/linux/9/app/teTeX/05.13/texmf-dist/tex/generic/oberdiek/ltxcmds.sty
Package: ltxcmds 2011/11/09 v1.22 LaTeX kernel commands for general use (HO)
)
\Gread@gobject=\count89
))
(/hg/s/linux/9/app/teTeX/05.13/texmf-dist/tex/latex/hyperref/hyperref.sty
Package: hyperref 2012/11/06 v6.83m Hypertext links for LaTeX

(/hg/s/linux/9/app/teTeX/05.13/texmf-dist/tex/generic/oberdiek/hobsub-hyperref.
sty
Package: hobsub-hyperref 2012/05/28 v1.13 Bundle oberdiek, subset hyperref (HO)


(/hg/s/linux/9/app/teTeX/05.13/texmf-dist/tex/generic/oberdiek/hobsub-generic.s
ty
Package: hobsub-generic 2012/05/28 v1.13 Bundle oberdiek, subset generic (HO)
Package: hobsub 2012/05/28 v1.13 Construct package bundles (HO)
Package hobsub Info: Skipping package `infwarerr' (already loaded).
Package hobsub Info: Skipping package `ltxcmds' (already loaded).
Package: ifluatex 2010/03/01 v1.3 Provides the ifluatex switch (HO)
Package ifluatex Info: LuaTeX not detected.
Package: ifvtex 2010/03/01 v1.5 Detect VTeX and its facilities (HO)
Package ifvtex Info: VTeX not detected.
Package: intcalc 2007/09/27 v1.1 Expandable calculations with integers (HO)
Package hobsub Info: Skipping package `ifpdf' (already loaded).
Package: etexcmds 2011/02/16 v1.5 Avoid name clashes with e-TeX commands (HO)
Package etexcmds Info: Could not find \expanded.
(etexcmds)             That can mean that you are not using pdfTeX 1.50 or
(etexcmds)             that some package has redefined \expanded.
(etexcmds)             In the latter case, load this package earlier.
Package: kvsetkeys 2012/04/25 v1.16 Key value parser (HO)
Package: kvdefinekeys 2011/04/07 v1.3 Define keys (HO)
Package: pdftexcmds 2011/11/29 v0.20 Utility functions of pdfTeX for LuaTeX (HO
)
Package pdftexcmds Info: LuaTeX not detected.
Package pdftexcmds Info: \pdf@primitive is available.
Package pdftexcmds Info: \pdf@ifprimitive is available.
Package pdftexcmds Info: \pdfdraftmode found.
Package: pdfescape 2011/11/25 v1.13 Implements pdfTeX's escape features (HO)
Package: bigintcalc 2012/04/08 v1.3 Expandable calculations on big integers (HO
)
Package: bitset 2011/01/30 v1.1 Handle bit-vector datatype (HO)
Package: uniquecounter 2011/01/30 v1.2 Provide unlimited unique counter (HO)
)
Package hobsub Info: Skipping package `hobsub' (already loaded).
Package: letltxmacro 2010/09/02 v1.4 Let assignment for LaTeX macros (HO)
Package: hopatch 2012/05/28 v1.2 Wrapper for package hooks (HO)
Package: xcolor-patch 2011/01/30 xcolor patch
Package: atveryend 2011/06/30 v1.8 Hooks at the very end of document (HO)
Package atveryend Info: \enddocument detected (standard20110627).
Package: atbegshi 2011/10/05 v1.16 At begin shipout hook (HO)
Package: refcount 2011/10/16 v3.4 Data extraction from label references (HO)
Package: hycolor 2011/01/30 v1.7 Color options for hyperref/bookmark (HO)
) (/hg/s/linux/9/app/teTeX/05.13/texmf-dist/tex/latex/graphics/keyval.sty
Package: keyval 1999/03/16 v1.13 key=value parser (DPC)
\KV@toks@=\toks14
)
(/hg/s/linux/9/app/teTeX/05.13/texmf-dist/tex/generic/ifxetex/ifxetex.sty
Package: ifxetex 2010/09/12 v0.6 Provides ifxetex conditional
)
(/hg/s/linux/9/app/teTeX/05.13/texmf-dist/tex/latex/oberdiek/auxhook.sty
Package: auxhook 2011/03/04 v1.3 Hooks for auxiliary files (HO)
)
(/hg/s/linux/9/app/teTeX/05.13/texmf-dist/tex/latex/oberdiek/kvoptions.sty
Package: kvoptions 2011/06/30 v3.11 Key value format for package options (HO)
)
\@linkdim=\dimen104
\Hy@linkcounter=\count90
\Hy@pagecounter=\count91

(/hg/s/linux/9/app/teTeX/05.13/texmf-dist/tex/latex/hyperref/pd1enc.def
File: pd1enc.def 2012/11/06 v6.83m Hyperref: PDFDocEncoding definition (HO)
)
\Hy@SavedSpaceFactor=\count92

(/hg/s/linux/9/app/teTeX/05.13/texmf-dist/tex/latex/latexconfig/hyperref.cfg
File: hyperref.cfg 2002/06/06 v1.2 hyperref configuration of TeXLive
)
Package hyperref Info: Hyper figures OFF on input line 4443.
Package hyperref Info: Link nesting OFF on input line 4448.
Package hyperref Info: Hyper index ON on input line 4451.
Package hyperref Info: Plain pages OFF on input line 4458.
Package hyperref Info: Backreferencing OFF on input line 4463.
Package hyperref Info: Implicit mode ON; LaTeX internals redefined.
Package hyperref Info: Bookmarks ON on input line 4688.
\c@Hy@tempcnt=\count93
LaTeX Info: Redefining \url on input line 5041.
\XeTeXLinkMargin=\dimen105
\Fld@menulength=\count94
\Field@Width=\dimen106
\Fld@charsize=\dimen107
Package hyperref Info: Hyper figures OFF on input line 6295.
Package hyperref Info: Link nesting OFF on input line 6300.
Package hyperref Info: Hyper index ON on input line 6303.
Package hyperref Info: backreferencing OFF on input line 6310.
Package hyperref Info: Link coloring OFF on input line 6315.
Package hyperref Info: Link coloring with OCG OFF on input line 6320.
Package hyperref Info: PDF/A mode OFF on input line 6325.
LaTeX Info: Redefining \ref on input line 6365.
LaTeX Info: Redefining \pageref on input line 6369.
\Hy@abspage=\count95
\c@Item=\count96
\c@Hfootnote=\count97
)

Package hyperref Message: Driver (autodetected): hpdftex.

(/hg/s/linux/9/app/teTeX/05.13/texmf-dist/tex/latex/hyperref/hpdftex.def
File: hpdftex.def 2012/11/06 v6.83m Hyperref driver for pdfTeX
\Fld@listcount=\count98
\c@bookmark@seq@number=\count99

(/hg/s/linux/9/app/teTeX/05.13/texmf-dist/tex/latex/oberdiek/rerunfilecheck.sty
Package: rerunfilecheck 2011/04/15 v1.7 Rerun checks for auxiliary files (HO)
Package uniquecounter Info: New unique counter `rerunfilecheck' on input line 2
82.
)
\Hy@SectionHShift=\skip43
)

Package hyperref Warning: Option `hyperindex' has already been used,
(hyperref)                setting the option has no effect on input line 38.

Package hyperref Info: Option `colorlinks' set `true' on input line 38.

Package hyperref Warning: Option `pagebackref' has already been used,
(hyperref)                setting the option has no effect on input line 38.

Package hyperref Info: Option `linktocpage' set `true' on input line 38.
Package hyperref Info: Option `plainpages' set `false' on input line 38.
) (./ETHDASA.sty
Document substyle for DA/SA. Released 27 November 1987
(./articleint.sty
Document substyle for international articles. Released 26 June 1989
) (./labdata.gcm) (./perdata.gcm) (./ETHDASA.str) (./ETHform.sty
Page style with ETH logo. Released 19 February 1988
(./ETHSfSlogo.sty
MM's / WSt's ETH logo definitions for ETHletter,ETHvisit,...
\logounitlength=\skip44
\ETHlogoETH=\box26
\ETHlogoETHfull=\box27
LaTeX Font Info:    Try loading font information for T1+aess on input line 38.
(/hg/s/linux/9/app/teTeX/05.13/texmf-dist/tex/latex/ae/t1aess.fd
File: t1aess.fd 1997/11/16 Font definitions for T1/aess.
)
Underfull \hbox (badness 10000) in paragraph at lines 38--38

 []

LaTeX Font Info:    External font `cmex10' loaded for size
(Font)              <10.95> on input line 38.
LaTeX Font Info:    External font `cmex10' loaded for size
(Font)              <8> on input line 38.
LaTeX Font Info:    External font `cmex10' loaded for size
(Font)              <6> on input line 38.

Underfull \hbox (badness 10000) in paragraph at lines 39--39

 []

))) (/hg/s/linux/9/app/teTeX/05.13/texmf-dist/tex/latex/amscls/amsthm.sty
Package: amsthm 2004/08/06 v2.20
\thm@style=\toks15
\thm@bodyfont=\toks16
\thm@headfont=\toks17
\thm@notefont=\toks18
\thm@headpunct=\toks19
\thm@preskip=\skip45
\thm@postskip=\skip46
\thm@headsep=\skip47
\dth@everypar=\toks20
)
(/hg/s/linux/9/app/teTeX/05.13/texmf-dist/tex/latex/fancyhdr/fancyhdr.sty
\fancy@headwidth=\skip48
\f@ncyO@elh=\skip49
\f@ncyO@erh=\skip50
\f@ncyO@olh=\skip51
\f@ncyO@orh=\skip52
\f@ncyO@elf=\skip53
\f@ncyO@erf=\skip54
\f@ncyO@olf=\skip55
\f@ncyO@orf=\skip56
))
(/u/sfs/tex/tex/latex/parskip.sty)
(/hg/s/linux/9/app/teTeX/05.13/texmf-dist/tex/latex/pdfpages/pdfpages.sty
Package: pdfpages 2013/05/30 v0.4u Insert pages of external PDF documents (AM)

(/hg/s/linux/9/app/teTeX/05.13/texmf-dist/tex/latex/base/ifthen.sty
Package: ifthen 2001/05/26 v1.1c Standard LaTeX ifthen package (DPC)
)
(/hg/s/linux/9/app/teTeX/05.13/texmf-dist/tex/latex/tools/calc.sty
Package: calc 2007/08/22 v4.3 Infix arithmetic (KKT,FJ)
\calc@Acount=\count100
\calc@Bcount=\count101
\calc@Adimen=\dimen108
\calc@Bdimen=\dimen109
\calc@Askip=\skip57
\calc@Bskip=\skip58
LaTeX Info: Redefining \setlength on input line 76.
LaTeX Info: Redefining \addtolength on input line 77.
\calc@Ccount=\count102
\calc@Cskip=\skip59
)
(/hg/s/linux/9/app/teTeX/05.13/texmf-dist/tex/latex/eso-pic/eso-pic.sty
Package: eso-pic 2010/10/06 v2.0c eso-pic (RN)
)
(/hg/s/linux/9/app/teTeX/05.13/texmf-dist/tex/latex/graphics/graphicx.sty
Package: graphicx 1999/02/16 v1.0f Enhanced LaTeX Graphics (DPC,SPQR)

(/hg/s/linux/9/app/teTeX/05.13/texmf-dist/tex/latex/graphics/graphics.sty
Package: graphics 2009/02/05 v1.0o Standard LaTeX Graphics (DPC,SPQR)

(/hg/s/linux/9/app/teTeX/05.13/texmf-dist/tex/latex/graphics/trig.sty
Package: trig 1999/03/16 v1.09 sin cos tan (DPC)
)
(/hg/s/linux/9/app/teTeX/05.13/texmf-dist/tex/latex/latexconfig/graphics.cfg
File: graphics.cfg 2010/04/23 v1.9 graphics configuration of TeX Live
)
Package graphics Info: Driver file: pdftex.def on input line 91.
)
\Gin@req@height=\dimen110
\Gin@req@width=\dimen111
) (/hg/s/linux/9/app/teTeX/05.13/texmf-dist/tex/latex/pdfpages/pppdftex.def
File: pppdftex.def 2013/05/30 v0.4u Pdfpages driver for pdfTeX (AM)
)
\AM@pagebox=\box28
\AM@toc@title=\toks21
\c@AM@survey=\count103
\AM@templatesizebox=\box29
)
(/hg/s/linux/9/app/teTeX/05.13/texmf-dist/tex/latex/amsmath/amsbsy.sty
Package: amsbsy 1999/11/29 v1.2d

(/hg/s/linux/9/app/teTeX/05.13/texmf-dist/tex/latex/amsmath/amsgen.sty
File: amsgen.sty 1999/11/30 v2.0
\@emptytoks=\toks22
\ex@=\dimen112
)
\pmbraise@=\dimen113
)
(/hg/s/linux/9/app/teTeX/05.13/texmf-dist/tex/latex/amsfonts/amssymb.sty
Package: amssymb 2013/01/14 v3.01 AMS font symbols

(/hg/s/linux/9/app/teTeX/05.13/texmf-dist/tex/latex/amsfonts/amsfonts.sty
Package: amsfonts 2013/01/14 v3.01 Basic AMSFonts support
\symAMSa=\mathgroup4
\symAMSb=\mathgroup5
LaTeX Font Info:    Overwriting math alphabet `\mathfrak' in version `bold'
(Font)                  U/euf/m/n --> U/euf/b/n on input line 106.
))
(/hg/s/linux/9/app/teTeX/05.13/texmf-dist/tex/latex/natbib/natbib.sty
Package: natbib 2010/09/13 8.31b (PWD, AO)
\bibhang=\skip60
\bibsep=\skip61
LaTeX Info: Redefining \cite on input line 694.
\c@NAT@ctr=\count104
)
(./texab.sty
Sem.f.Statistik LaTeX Abkuerzungen $Id: texab.sty,v 1.75 2011/02/11 10:18:52 sf
s Exp $
(/hg/s/linux/9/app/teTeX/05.13/texmf-dist/tex/latex/amsmath/amsopn.sty
Package: amsopn 1999/12/14 v2.01 operator names
)
(/hg/s/linux/9/app/teTeX/05.13/texmf-dist/tex/latex/relsize/relsize.sty
Package: relsize 2013/03/29 ver 4.1
)
(/hg/s/linux/9/app/teTeX/05.13/texmf-dist/tex/latex/base/exscale.sty
Package: exscale 2007/10/29 v2.1h Standard LaTeX package exscale
LaTeX Font Info:    Redeclaring symbol font `largesymbols' on input line 52.
LaTeX Font Info:    Overwriting symbol font `largesymbols' in version `normal'
(Font)                  OMX/cmex/m/n --> OMX/cmex/m/n on input line 52.
LaTeX Font Info:    Overwriting symbol font `largesymbols' in version `bold'
(Font)                  OMX/cmex/m/n --> OMX/cmex/m/n on input line 52.
\big@size=\dimen114
)
\Lvneed=\skip62
\LLongpage=\skip63
\Lenlarge=\skip64
\Litemskip=\skip65
\Litemwidth=\skip66
\centering@tex=\skip67
\c@lisNr=\count105
)
(/hg/s/linux/9/app/teTeX/05.13/texmf-dist/tex/latex/amsmath/amsmath.sty
Package: amsmath 2013/01/14 v2.14 AMS math features
\@mathmargin=\skip68

For additional information on amsmath, use the `?' option.
(/hg/s/linux/9/app/teTeX/05.13/texmf-dist/tex/latex/amsmath/amstext.sty
Package: amstext 2000/06/29 v2.01
)
\inf@bad=\count106
LaTeX Info: Redefining \frac on input line 210.
LaTeX Info: Redefining \binom on input line 213.
\uproot@=\count107
\leftroot@=\count108
LaTeX Info: Redefining \overline on input line 306.
\classnum@=\count109
\DOTSCASE@=\count110
LaTeX Info: Redefining \ldots on input line 378.
LaTeX Info: Redefining \dots on input line 381.
LaTeX Info: Redefining \cdots on input line 466.
\Mathstrutbox@=\box30
\strutbox@=\box31
\big@size=\dimen115
LaTeX Font Info:    Redeclaring font encoding OML on input line 566.
LaTeX Font Info:    Redeclaring font encoding OMS on input line 567.
\macc@depth=\count111
\c@MaxMatrixCols=\count112
\dotsspace@=\muskip11
\c@parentequation=\count113
\dspbrk@lvl=\count114
\tag@help=\toks23
\row@=\count115
\column@=\count116
\maxfields@=\count117
\andhelp@=\toks24
\eqnshift@=\dimen116
\alignsep@=\dimen117
\tagshift@=\dimen118
\tagwidth@=\dimen119
\totwidth@=\dimen120
\lineht@=\dimen121
\@envbody=\toks25
\multlinegap=\skip69
\multlinetaggap=\skip70
\mathdisplay@stack=\toks26
LaTeX Info: Redefining \[ on input line 2665.
LaTeX Info: Redefining \] on input line 2666.
)
(/hg/s/linux/9/app/teTeX/05.13/texmf-dist/tex/latex/tools/enumerate.sty
Package: enumerate 1999/03/05 v3.00 enumerate extensions (DPC)
\@enLab=\toks27
)
(/hg/s/linux/9/app/teTeX/05.13/texmf-dist/tex/latex/listings/listings.sty
\lst@mode=\count118
\lst@gtempboxa=\box32
\lst@token=\toks28
\lst@length=\count119
\lst@currlwidth=\dimen122
\lst@column=\count120
\lst@pos=\count121
\lst@lostspace=\dimen123
\lst@width=\dimen124
\lst@newlines=\count122
\lst@lineno=\count123
\lst@maxwidth=\dimen125

(/hg/s/linux/9/app/teTeX/05.13/texmf-dist/tex/latex/listings/lstmisc.sty
File: lstmisc.sty 2013/07/10 1.5 (Carsten Heinz)
\c@lstnumber=\count124
\lst@skipnumbers=\count125
\lst@framebox=\box33
)
(/hg/s/linux/9/app/teTeX/05.13/texmf-dist/tex/latex/listings/listings.cfg
File: listings.cfg 2013/06/27 1.5pre1 listings configuration
))
Package: listings 2013/07/10 1.5 (Carsten Heinz)

(/hg/s/linux/9/app/teTeX/05.13/texmf-dist/tex/latex/listings/lstlang1.sty
File: lstlang1.sty 2013/06/27 1.5pre1 listings language file
)
(/hg/s/linux/9/app/teTeX/05.13/texmf-dist/tex/latex/listings/lstlang2.sty
File: lstlang2.sty 2013/06/27 1.5pre1 listings language file
)
(/hg/s/linux/9/app/teTeX/05.13/texmf-dist/tex/latex/listings/lstlang3.sty
File: lstlang3.sty 2013/06/27 1.5pre1 listings language file
)
\c@definition=\count126

(./MasterThesisSfS.aux (./Preface.aux) (./Abstract.aux) (./Notation.aux)
(./Introduction.aux) (./Chapter1.aux) (./Summary.aux) (./Appendix1.aux)
(./Appendix2.aux) (./Epilogue.aux))
\openout1 = `MasterThesisSfS.aux'.

LaTeX Font Info:    Checking defaults for OML/cmm/m/it on input line 102.
LaTeX Font Info:    ... okay on input line 102.
LaTeX Font Info:    Checking defaults for T1/cmr/m/n on input line 102.
LaTeX Font Info:    ... okay on input line 102.
LaTeX Font Info:    Checking defaults for OT1/cmr/m/n on input line 102.
LaTeX Font Info:    ... okay on input line 102.
LaTeX Font Info:    Checking defaults for OMS/cmsy/m/n on input line 102.
LaTeX Font Info:    ... okay on input line 102.
LaTeX Font Info:    Checking defaults for OMX/cmex/m/n on input line 102.
LaTeX Font Info:    ... okay on input line 102.
LaTeX Font Info:    Checking defaults for U/cmr/m/n on input line 102.
LaTeX Font Info:    ... okay on input line 102.
LaTeX Font Info:    Checking defaults for PD1/pdf/m/n on input line 102.
LaTeX Font Info:    ... okay on input line 102.

(/hg/s/linux/9/app/teTeX/05.13/texmf-dist/tex/context/base/supp-pdf.mkii
[Loading MPS to PDF converter (version 2006.09.02).]
\scratchcounter=\count127
\scratchdimen=\dimen126
\scratchbox=\box34
\nofMPsegments=\count128
\nofMParguments=\count129
\everyMPshowfont=\toks29
\MPscratchCnt=\count130
\MPscratchDim=\dimen127
\MPnumerator=\count131
\makeMPintoPDFobject=\count132
\everyMPtoPDFconversion=\toks30
)
\AtBeginShipoutBox=\box35
Package hyperref Info: Link coloring ON on input line 102.
 (/hg/s/linux/9/app/teTeX/05.13/texmf-dist/tex/latex/hyperref/nameref.sty
Package: nameref 2012/10/27 v2.43 Cross-referencing by name of section

(/hg/s/linux/9/app/teTeX/05.13/texmf-dist/tex/generic/oberdiek/gettitlestring.s
ty
Package: gettitlestring 2010/12/03 v1.4 Cleanup title references (HO)
)
\c@section@level=\count133
)
LaTeX Info: Redefining \ref on input line 102.
LaTeX Info: Redefining \pageref on input line 102.
LaTeX Info: Redefining \nameref on input line 102.
 (./MasterThesisSfS.out) (./MasterThesisSfS.out)
\@outlinefile=\write3
\openout3 = `MasterThesisSfS.out'.


(/hg/s/linux/9/app/teTeX/05.13/texmf-dist/tex/latex/oberdiek/epstopdf-base.sty
Package: epstopdf-base 2010/02/09 v2.5 Base part for package epstopdf

(/hg/s/linux/9/app/teTeX/05.13/texmf-dist/tex/latex/oberdiek/grfext.sty
Package: grfext 2010/08/19 v1.1 Manage graphics extensions (HO)
)
Package grfext Info: Graphics extension search list:
(grfext)             [.png,.pdf,.jpg,.mps,.jpeg,.jbig2,.jb2,.PNG,.PDF,.JPG,.JPE
G,.JBIG2,.JB2,.eps]
(grfext)             \AppendGraphicsExtensions on input line 452.

(/hg/s/linux/9/app/teTeX/05.13/texmf-dist/tex/latex/latexconfig/epstopdf-sys.cf
g
File: epstopdf-sys.cfg 2010/07/13 v1.3 Configuration of (r)epstopdf for TeX Liv
e
))
\c@lstlisting=\count134

Underfull \hbox (badness 10000) in paragraph at lines 122--122

 []

LaTeX Font Info:    Try loading font information for U+msa on input line 122.
(/hg/s/linux/9/app/teTeX/05.13/texmf-dist/tex/latex/amsfonts/umsa.fd
File: umsa.fd 2013/01/14 v3.01 AMS symbols A
)
LaTeX Font Info:    Try loading font information for U+msb on input line 122.

(/hg/s/linux/9/app/teTeX/05.13/texmf-dist/tex/latex/amsfonts/umsb.fd
File: umsb.fd 2013/01/14 v3.01 AMS symbols B
)
Underfull \hbox (badness 10000) has occurred while \output is active

 []


Overfull \vbox (7.17722pt too high) has occurred while \output is active []


[1{/hg/s/linux/9/app/teTeX/05.13/texmf-var/fonts/map/pdftex/updmap/pdftex.map}

] [2

] [3]
\openout2 = `Preface.aux'.

 (./Preface.tex [4


]) [5]
\openout2 = `Abstract.aux'.

 (./Abstract.tex [6



]) [7]
(./MasterThesisSfS.toc)
\tf@toc=\write4
\openout4 = `MasterThesisSfS.toc'.

 [8

] (./MasterThesisSfS.lof)
\tf@lof=\write5
\openout5 = `MasterThesisSfS.lof'.

 [9] (./MasterThesisSfS.lot)
\tf@lot=\write6
\openout6 = `MasterThesisSfS.lot'.

[10]
\openout2 = `Notation.aux'.

 (./Notation.tex) [11



] [12


]
\openout2 = `Introduction.aux'.

 (./Introduction.tex
Chapter 1.
) [1


]
\openout2 = `Chapter1.aux'.

 (./Chapter1.tex [2



]
Chapter 2.
<Pictures/geys-2kern.pdf, id=174, 557.08125pt x 293.095pt>
File: Pictures/geys-2kern.pdf Graphic file (type pdf)

<use Pictures/geys-2kern.pdf>
Package pdftex.def Info: Pictures/geys-2kern.pdf used on input line 6.
(pdftex.def)             Requested size: 362.77524pt x 190.86726pt.
LaTeX Font Info:    Try loading font information for T1+aett on input line 16.

(/hg/s/linux/9/app/teTeX/05.13/texmf-dist/tex/latex/ae/t1aett.fd
File: t1aett.fd 1997/11/16 Font definitions for T1/aett.
)
File: Pictures/geys-2kern.pdf Graphic file (type pdf)

<use Pictures/geys-2kern.pdf>
Package pdftex.def Info: Pictures/geys-2kern.pdf used on input line 20.
(pdftex.def)             Requested size: 213.39566pt x 112.2717pt.
 [3 <./Pictures/geys-2kern.pdf>]
LaTeX Font Info:    External font `cmex7' loaded for size
(Font)              <7> on input line 35.


Package hyperref Warning: Token not allowed in a PDF string (PDFDocEncoding):
(hyperref)                removing `math shift' on input line 35.


Package hyperref Warning: Token not allowed in a PDF string (PDFDocEncoding):
(hyperref)                \kern 3.04074pt
(hyperref)                removed on input line 35.


Package hyperref Warning: Token not allowed in a PDF string (PDFDocEncoding):
(hyperref)                removing `math shift' on input line 35.

) [4]
\openout2 = `Summary.aux'.

 (./Summary.tex
Chapter 3.
) [5



] [6


] (./MasterThesisSfS.bbl) [7

]
\openout2 = `Appendix1.aux'.

 (./Appendix1.tex [8


]
Appendix A.

Package hyperref Warning: Token not allowed in a PDF string (PDFDocEncoding):
(hyperref)                removing `math shift' on input line 9.


Package hyperref Warning: Token not allowed in a PDF string (PDFDocEncoding):
(hyperref)                \kern 3.04074pt
(hyperref)                removed on input line 9.


Package hyperref Warning: Token not allowed in a PDF string (PDFDocEncoding):
(hyperref)                removing `math shift' on input line 9.


Package hyperref Warning: Token not allowed in a PDF string (PDFDocEncoding):
(hyperref)                removing `math shift' on input line 35.


Package hyperref Warning: Token not allowed in a PDF string (PDFDocEncoding):
(hyperref)                \kern 3.04074pt
(hyperref)                removed on input line 35.


Package hyperref Warning: Token not allowed in a PDF string (PDFDocEncoding):
(hyperref)                removing `math shift' on input line 35.


Underfull \vbox (badness 3209) has occurred while \output is active []

 [9]
Package hyperref Info: bookmark level for unknown lstlisting defaults to 0 on i
nput line 40.

(./Pictures/picture.R)

Package hyperref Warning: Token not allowed in a PDF string (PDFDocEncoding):
(hyperref)                removing `math shift' on input line 43.


Package hyperref Warning: Token not allowed in a PDF string (PDFDocEncoding):
(hyperref)                \kern 3.04074pt
(hyperref)                removed on input line 43.


Package hyperref Warning: Token not allowed in a PDF string (PDFDocEncoding):
(hyperref)                removing `math shift' on input line 43.

) [10]
\openout2 = `Appendix2.aux'.

 (./Appendix2.tex
Appendix B.
) [11



] [12


]
\openout2 = `Epilogue.aux'.

 (./Epilogue.tex) [13


] [14


]
<confirmation-originality-scan.pdf, id=278, 597.432pt x 845.07718pt>
File: confirmation-originality-scan.pdf Graphic file (type pdf)

<use confirmation-originality-scan.pdf>
Package pdftex.def Info: confirmation-originality-scan.pdf used on input line 2
24.
(pdftex.def)             Requested size: 597.43054pt x 845.07512pt.
File: confirmation-originality-scan.pdf Graphic file (type pdf)

<use confirmation-originality-scan.pdf>
Package pdftex.def Info: confirmation-originality-scan.pdf used on input line 2
24.
(pdftex.def)             Requested size: 597.43054pt x 845.07512pt.

<confirmation-originality-scan.pdf, id=279, page=1, 597.432pt x 845.07718pt>
File: confirmation-originality-scan.pdf Graphic file (type pdf)

<use confirmation-originality-scan.pdf, page 1>
Package pdftex.def Info: confirmation-originality-scan.pdf, page1 used on input
 line 224.
(pdftex.def)             Requested size: 597.43054pt x 845.07512pt.
File: confirmation-originality-scan.pdf Graphic file (type pdf)

<use confirmation-originality-scan.pdf, page 1>
Package pdftex.def Info: confirmation-originality-scan.pdf, page1 used on input
 line 224.
(pdftex.def)             Requested size: 597.43054pt x 845.07512pt.
File: confirmation-originality-scan.pdf Graphic file (type pdf)

<use confirmation-originality-scan.pdf, page 1>
Package pdftex.def Info: confirmation-originality-scan.pdf, page1 used on input
 line 224.
(pdftex.def)             Requested size: 597.43054pt x 845.07512pt.
File: confirmation-originality-scan.pdf Graphic file (type pdf)

<use confirmation-originality-scan.pdf, page 1>
Package pdftex.def Info: confirmation-originality-scan.pdf, page1 used on input
 line 224.
(pdftex.def)             Requested size: 597.43054pt x 845.07512pt.
File: confirmation-originality-scan.pdf Graphic file (type pdf)

<use confirmation-originality-scan.pdf, page 1>
Package pdftex.def Info: confirmation-originality-scan.pdf, page1 used on input
 line 224.
(pdftex.def)             Requested size: 597.43054pt x 845.07512pt.
 [15 <./confirmation-originality-scan.pdf, page is rotated 270 degrees>]
Package atveryend Info: Empty hook `BeforeClearDocument' on input line 225.
Package atveryend Info: Empty hook `AfterLastShipout' on input line 225.
 (./MasterThesisSfS.aux (./Preface.aux) (./Abstract.aux) (./Notation.aux) (./In
troduction.aux) (./Chapter1.aux)
(./Summary.aux) (./Appendix1.aux) (./Appendix2.aux) (./Epilogue.aux))
Package atveryend Info: Executing hook `AtVeryEndDocument' on input line 225.
Package atveryend Info: Executing hook `AtEndAfterFileList' on input line 225.
Package rerunfilecheck Info: File `MasterThesisSfS.out' has not changed.
(rerunfilecheck)             Checksum: B16A2F8E26A123271F827BD952D1CB8A;1092.
Package atveryend Info: Empty hook `AtVeryVeryEnd' on input line 225.
 ) 
Here is how much of TeX's memory you used:
 10750 strings out of 493311
 147964 string characters out of 6135193
 409414 words of memory out of 5000000
 13797 multiletter control sequences out of 15000+600000
 51437 words of font info for 111 fonts, out of 8000000 for 9000
 957 hyphenation exceptions out of 8191
 43i,20n,49p,293b,1656s stack positions out of 5000i,500n,10000p,200000b,80000s
</hg/s/linux/9/app/teTeX/05.13/texmf-dist/fonts/type1/public/amsfonts/cm/cmbx
10.pfb></hg/s/linux/9/app/teTeX/05.13/texmf-dist/fonts/type1/public/amsfonts/cm
/cmbx12.pfb></hg/s/linux/9/app/teTeX/05.13/texmf-dist/fonts/type1/public/amsfon
ts/cm/cmbxti10.pfb></hg/s/linux/9/app/teTeX/05.13/texmf-dist/fonts/type1/public
/amsfonts/cm/cmitt10.pfb></hg/s/linux/9/app/teTeX/05.13/texmf-dist/fonts/type1/
public/amsfonts/cm/cmmi10.pfb></hg/s/linux/9/app/teTeX/05.13/texmf-dist/fonts/t
ype1/public/amsfonts/cm/cmr10.pfb></hg/s/linux/9/app/teTeX/05.13/texmf-dist/fon
ts/type1/public/amsfonts/cm/cmr12.pfb></hg/s/linux/9/app/teTeX/05.13/texmf-dist
/fonts/type1/public/amsfonts/cm/cmss10.pfb></hg/s/linux/9/app/teTeX/05.13/texmf
-dist/fonts/type1/public/amsfonts/cm/cmssbx10.pfb></hg/s/linux/9/app/teTeX/05.1
3/texmf-dist/fonts/type1/public/amsfonts/cm/cmsy10.pfb></hg/s/linux/9/app/teTeX
/05.13/texmf-dist/fonts/type1/public/amsfonts/cm/cmsy8.pfb></hg/s/linux/9/app/t
eTeX/05.13/texmf-dist/fonts/type1/public/amsfonts/cm/cmti10.pfb></hg/s/linux/9/
app/teTeX/05.13/texmf-dist/fonts/type1/public/amsfonts/cm/cmtt10.pfb></hg/s/lin
ux/9/app/teTeX/05.13/texmf-dist/fonts/type1/public/amsfonts/cm/cmtt8.pfb></hg/s
/linux/9/app/teTeX/05.13/texmf-dist/fonts/type1/public/amsfonts/latxfont/linew1
0.pfb>
Output written on MasterThesisSfS.pdf (27 pages, 651529 bytes).
PDF statistics:
 356 PDF objects out of 1000 (max. 8388607)
 303 compressed objects within 4 object streams
 86 named destinations out of 1000 (max. 500000)
 160 words of extra memory for PDF output out of 10000 (max. 10000000)

